"temporal" already exists with the same configuration, skipping
Hang tight while we grab the latest from your chart repositories...
...Successfully got an update from the "temporal" chart repository
Update Complete. ⎈Happy Helming!⎈
namespace "temporal" deleted
namespace/temporal created
Error: uninstall: Release not loaded: temporaltest: release: not found
No resources found
No resources found
Installing Temporal with Helm...
Error: INSTALLATION FAILED: create: failed to create: secrets "sh.helm.release.v1.temporaltest.v1" is forbidden: unable to create new content in namespace temporal because it is being terminated
Waiting for Temporal Web UI to be ready...
Error from server (NotFound): deployments.apps "temporaltest-web" not found
Waiting for Temporal Frontend to be ready...
Error from server (NotFound): deployments.apps "temporaltest-frontend" not found
All deployments are ready. Current pods:
No resources found in temporal namespace.
Setting up port forwarding...
Cleaning up existing port forwards...
Starting port-forward for Temporal Frontend (attempt 1/3)...
Error from server (NotFound): services "temporaltest-frontend" not found
Failed to start Temporal Frontend port-forward, retrying...
Starting port-forward for Temporal Frontend (attempt 2/3)...
Error from server (NotFound): services "temporaltest-frontend" not found
Failed to start Temporal Frontend port-forward, retrying...
Starting port-forward for Temporal Frontend (attempt 3/3)...
Error from server (NotFound): services "temporaltest-frontend" not found
Failed to start Temporal Frontend port-forward, retrying...
ERROR: Failed to establish port-forward for Temporal Frontend after 3 attempts.
Starting port-forward for Temporal Web UI (attempt 1/3)...
Forwarding from 127.0.0.1:8080 -> 8080
Forwarding from [::1]:8080 -> 8080
Temporal Web UI port-forward started successfully (PID: 71615)
===================================================================
⚠️  Warning: Some port-forwards may not have started correctly.
Please check the output above for errors.
===================================================================
Cleaning up existing port forwards...
Killing existing web UI port-forward (PID: 71615)
